[debug] [2018-08-25T14:24:21.746Z] ----------------------------------------------------------------------
[debug] [2018-08-25T14:24:21.750Z] Command:       C:\Program Files\nodejs\node.exe C:\Users\user\AppData\Roaming\npm\node_modules\firebase-tools\bin\firebase serve
[debug] [2018-08-25T14:24:21.750Z] CLI Version:   3.19.3
[debug] [2018-08-25T14:24:21.750Z] Platform:      win32
[debug] [2018-08-25T14:24:21.751Z] Node Version:  v8.11.3
[debug] [2018-08-25T14:24:21.751Z] Time:          Sat Aug 25 2018 20:54:21 GMT+0630 (Myanmar Standard Time)
[debug] [2018-08-25T14:24:21.751Z] ----------------------------------------------------------------------
[debug] 
[debug] [2018-08-25T14:24:21.773Z] > command requires scopes: ["email","openid","https://www.googleapis.com/auth/cloudplatformprojects.readonly","https://www.googleapis.com/auth/firebase","https://www.googleapis.com/auth/cloud-platform"]
[debug] [2018-08-25T14:24:21.775Z] > authorizing via signed-in user
[debug] [2018-08-25T14:24:21.778Z] > refreshing access token with scopes: ["email","https://www.googleapis.com/auth/cloud-platform","https://www.googleapis.com/auth/cloudplatformprojects.readonly","https://www.googleapis.com/auth/firebase","openid"]
[debug] [2018-08-25T14:24:21.778Z] >>> HTTP REQUEST POST https://www.googleapis.com/oauth2/v3/token  
 { refresh_token: '1/EaAAAjUeBdIax348iO8kjqel69jozLyO4UUeeLSTJTHxC8hpUbNnVIVI8kAZMP9o',
  client_id: '563584335869-fgrhgmd47bqnekij5i8b5pr03ho849e6.apps.googleusercontent.com',
  client_secret: 'j9iVZfS8kkCEFUPaAeJV0sAi',
  grant_type: 'refresh_token',
  scope: 'email https://www.googleapis.com/auth/cloud-platform https://www.googleapis.com/auth/cloudplatformprojects.readonly https://www.googleapis.com/auth/firebase openid' } 
 Sat Aug 25 2018 20:54:21 GMT+0630 (Myanmar Standard Time)
[debug] [2018-08-25T14:24:22.372Z] <<< HTTP RESPONSE 200
[debug] [2018-08-25T14:24:22.428Z] >>> HTTP REQUEST GET https://admin.firebase.com/v1/projects/etd-db-test-dev2  
  
 Sat Aug 25 2018 20:54:22 GMT+0630 (Myanmar Standard Time)
[debug] [2018-08-25T14:24:23.923Z] <<< HTTP RESPONSE 200
[debug] [2018-08-25T14:24:23.926Z] >>> HTTP REQUEST GET https://admin.firebase.com/v1/database/etd-db-test-dev2/tokens  
  
 Sat Aug 25 2018 20:54:23 GMT+0630 (Myanmar Standard Time)
[debug] [2018-08-25T14:24:25.006Z] <<< HTTP RESPONSE 200
[debug] [2018-08-25T14:24:25.008Z] >>> HTTP REQUEST GET https://cloudresourcemanager.googleapis.com/v1/projects/etd-db-test-dev2  
  
 Sat Aug 25 2018 20:54:25 GMT+0630 (Myanmar Standard Time)
[debug] [2018-08-25T14:24:26.583Z] <<< HTTP RESPONSE 200
[info] 
[info] === Serving from 'C:\Users\user\MyoMyo\ETD-project'...
[info] 
[debug] [2018-08-25T14:24:26.590Z] >>> HTTP REQUEST GET https://mobilesdk-pa.googleapis.com/v1/projects/332213444661/clients/_:getWebAppConfig  
  
 Sat Aug 25 2018 20:54:26 GMT+0630 (Myanmar Standard Time)
[debug] [2018-08-25T14:24:27.511Z] <<< HTTP RESPONSE 200
[info] i  hosting: Serving hosting files from: public
[info] +  hosting: Local server: http://localhost:5000

